0 info it worked if it ends with ok
1 verbose cli [ '/usr/local/bin/node', '/usr/local/bin/npm', 'publish' ]
2 info using npm@3.3.12
3 info using node@v5.9.0
4 verbose publish [ '.' ]
5 silly cache add args [ '.', null ]
6 verbose cache add spec .
7 silly cache add parsed spec Result {
7 silly cache add   raw: '.',
7 silly cache add   scope: null,
7 silly cache add   name: null,
7 silly cache add   rawSpec: '.',
7 silly cache add   spec: '/Users/tom/Documents/Code/Web/NodeModules/pugjs-loader',
7 silly cache add   type: 'directory' }
8 verbose addLocalDirectory /Users/tom/.npm/pugjs-loader/0.8.1/package.tgz not in flight; packing
9 info lifecycle pugjs-loader@0.8.1~prepublish: pugjs-loader@0.8.1
10 silly lifecycle pugjs-loader@0.8.1~prepublish: no script for prepublish, continuing
11 verbose tar pack [ '/Users/tom/.npm/pugjs-loader/0.8.1/package.tgz',
11 verbose tar pack   '/Users/tom/Documents/Code/Web/NodeModules/pugjs-loader' ]
12 verbose tarball /Users/tom/.npm/pugjs-loader/0.8.1/package.tgz
13 verbose folder /Users/tom/Documents/Code/Web/NodeModules/pugjs-loader
14 verbose addLocalTarball adding from inside cache /Users/tom/.npm/pugjs-loader/0.8.1/package.tgz
15 silly cache afterAdd pugjs-loader@0.8.1
16 verbose afterAdd /Users/tom/.npm/pugjs-loader/0.8.1/package/package.json not in flight; writing
17 verbose afterAdd /Users/tom/.npm/pugjs-loader/0.8.1/package/package.json written
18 silly publish { name: 'pugjs-loader',
18 silly publish   version: '0.8.1',
18 silly publish   author: { name: 'Tobias Koppers @sokra' },
18 silly publish   description: 'pug(was jade) loader module for webpack',
18 silly publish   dependencies: { 'loader-utils': '~0.2.5' },
18 silly publish   peerDependencies: { pug: '^1.11.0' },
18 silly publish   devDependencies: { mocha: '*', should: '*' },
18 silly publish   scripts: { test: 'mocha -R spec' },
18 silly publish   repository:
18 silly publish    { type: 'git',
18 silly publish      url: 'git://github.com/lecafard/pugjs-loader.git' },
18 silly publish   licenses:
18 silly publish    [ { type: 'MIT',
18 silly publish        url: 'http://www.opensource.org/licenses/mit-license.php' } ],
18 silly publish   readme: '# pug (was jade) loader for webpack\r\n\r\nThe original project is [here](https://github.com/webpack/jade-loader). Since jade has been renamed to pug, jade will no longer be supported.\r\n\r\n## Usage\r\n\r\n``` javascript\r\nvar template = require("pug!./file.pug");\r\n// => returns file.pug content as template function\r\n```\r\n\r\n[Documentation: Using loaders](http://webpack.github.io/docs/using-loaders.html)\r\n\r\n### Embedded resources\r\n\r\nTry to use `require` for all your embedded resources, to process them with webpack.\r\n\r\n``` pug\r\ndiv\r\n  img(src=require("./my/image.png"))\r\n```\r\n\r\nYou need to configure loaders for these filetypes too. (Take a look at the [file-loader](https://github.com/webpack/file-loader).)\r\n\r\n## License\r\n\r\nMIT (http://www.opensource.org/licenses/mit-license.php)\r\n',
18 silly publish   readmeFilename: 'README.md',
18 silly publish   gitHead: 'f7356069d70aee00da077b22f5cb45b46601e385',
18 silly publish   bugs: { url: 'https://github.com/lecafard/pugjs-loader/issues' },
18 silly publish   homepage: 'https://github.com/lecafard/pugjs-loader#readme',
18 silly publish   _id: 'pugjs-loader@0.8.1',
18 silly publish   _shasum: '03ec3908f193658079426f7bd3269715824c08b6',
18 silly publish   _from: '.' }
19 verbose getPublishConfig undefined
20 silly mapToRegistry name pugjs-loader
21 silly mapToRegistry using default registry
22 silly mapToRegistry registry https://registry.npmjs.org/
23 silly mapToRegistry uri https://registry.npmjs.org/pugjs-loader
24 verbose publish registryBase https://registry.npmjs.org/
25 silly publish uploading /Users/tom/.npm/pugjs-loader/0.8.1/package.tgz
26 verbose request uri https://registry.npmjs.org/pugjs-loader
27 verbose request sending authorization for write operation
28 info attempt registry request try #1 at 1:55:59 PM
29 verbose request id 0aea3e1a5f920425
30 http request PUT https://registry.npmjs.org/pugjs-loader
31 http 403 https://registry.npmjs.org/pugjs-loader
32 verbose headers { 'content-type': 'application/json',
32 verbose headers   'cache-control': 'max-age=300',
32 verbose headers   'content-length': '128',
32 verbose headers   'accept-ranges': 'bytes',
32 verbose headers   date: 'Thu, 21 Apr 2016 03:56:00 GMT',
32 verbose headers   via: '1.1 varnish',
32 verbose headers   connection: 'keep-alive',
32 verbose headers   'x-served-by': 'cache-mel6522-MEL',
32 verbose headers   'x-cache': 'MISS',
32 verbose headers   'x-cache-hits': '0',
32 verbose headers   'x-timer': 'S1461210959.223628,VS0,VE1003',
32 verbose headers   vary: 'Accept-Encoding' }
33 verbose request invalidating /Users/tom/.npm/registry.npmjs.org/pugjs-loader on PUT
34 error publish Failed PUT 403
35 verbose stack Error: "You cannot publish over the previously published version 0.8.1. Try bumping the version to 1.0.0" : pugjs-loader
35 verbose stack     at makeError (/usr/local/lib/node_modules/npm/node_modules/npm-registry-client/lib/request.js:264:12)
35 verbose stack     at CachingRegistryClient.<anonymous> (/usr/local/lib/node_modules/npm/node_modules/npm-registry-client/lib/request.js:252:14)
35 verbose stack     at Request._callback (/usr/local/lib/node_modules/npm/node_modules/npm-registry-client/lib/request.js:172:14)
35 verbose stack     at Request.self.callback (/usr/local/lib/node_modules/npm/node_modules/request/request.js:198:22)
35 verbose stack     at emitTwo (events.js:100:13)
35 verbose stack     at Request.emit (events.js:185:7)
35 verbose stack     at Request.<anonymous> (/usr/local/lib/node_modules/npm/node_modules/request/request.js:1082:10)
35 verbose stack     at emitOne (events.js:95:20)
35 verbose stack     at Request.emit (events.js:182:7)
35 verbose stack     at IncomingMessage.<anonymous> (/usr/local/lib/node_modules/npm/node_modules/request/request.js:1009:12)
36 verbose statusCode 403
37 verbose pkgid pugjs-loader
38 verbose cwd /Users/tom/Documents/Code/Web/NodeModules/pugjs-loader
39 error Darwin 15.5.0
40 error argv "/usr/local/bin/node" "/usr/local/bin/npm" "publish"
41 error node v5.9.0
42 error npm  v3.3.12
43 error code E403
44 error "You cannot publish over the previously published version 0.8.1. Try bumping the version to 1.0.0" : pugjs-loader
45 error If you need help, you may report this error at:
45 error     <https://github.com/npm/npm/issues>
46 verbose exit [ 1, true ]
